\BOOKMARK [0][-]{chapter*.1}{Acknowledgments}{}% 1
\BOOKMARK [0][-]{chapter*.2}{Abstract}{}% 2
\BOOKMARK [0][-]{tocmark.0}{Contents}{}% 3
\BOOKMARK [0][-]{chapter.1}{Introduction}{}% 4
\BOOKMARK [1][-]{section.1.1}{Problem Statement}{chapter.1}% 5
\BOOKMARK [1][-]{section.1.2}{Motivations}{chapter.1}% 6
\BOOKMARK [1][-]{section.1.3}{Project Scope}{chapter.1}% 7
\BOOKMARK [1][-]{section.1.4}{Report Outline}{chapter.1}% 8
\BOOKMARK [0][-]{chapter.2}{Background and Related Work}{}% 9
\BOOKMARK [1][-]{section.2.1}{Background}{chapter.2}% 10
\BOOKMARK [1][-]{section.2.2}{Related work}{chapter.2}% 11
\BOOKMARK [1][-]{section.2.3}{Summary}{chapter.2}% 12
\BOOKMARK [0][-]{chapter.3}{Design and Implementation}{}% 13
\BOOKMARK [1][-]{section.3.1}{Smart Design}{chapter.3}% 14
\BOOKMARK [1][-]{section.3.2}{Summary}{chapter.3}% 15
\BOOKMARK [0][-]{chapter.4}{Experimental Methodology}{}% 16
\BOOKMARK [1][-]{section.4.1}{Software platform}{chapter.4}% 17
\BOOKMARK [1][-]{section.4.2}{Hardware platform}{chapter.4}% 18
\BOOKMARK [0][-]{chapter.5}{Results}{}% 19
\BOOKMARK [1][-]{section.5.1}{Direct Cost}{chapter.5}% 20
\BOOKMARK [1][-]{section.5.2}{Summary}{chapter.5}% 21
\BOOKMARK [0][-]{chapter.6}{Conclusion}{}% 22
\BOOKMARK [1][-]{section.6.1}{Future Work}{chapter.6}% 23
